<?xml version="1.0" encoding="UTF-8"?>
<testng-results ignored="0" total="1" passed="1" failed="0" skipped="0">
  <reporter-output>
  </reporter-output>
  <suite started-at="2023-12-15T23:24:59 IST" name="Default suite" finished-at="2023-12-15T23:24:59 IST" duration-ms="54">
    <groups>
    </groups>
    <test started-at="2023-12-15T23:24:59 IST" name="Default test" finished-at="2023-12-15T23:24:59 IST" duration-ms="54">
      <class name="PackageTwo.BatchRunTwoTest">
        <test-method signature="pushBatchRunTwoTest()[pri:0, instance:PackageTwo.BatchRunTwoTest@32502377]" started-at="2023-12-15T23:24:59 IST" name="pushBatchRunTwoTest" finished-at="2023-12-15T23:24:59 IST" duration-ms="9" status="PASS">
          <reporter-output>
          </reporter-output>
        </test-method> <!-- pushBatchRunTwoTest -->
      </class> <!-- PackageTwo.BatchRunTwoTest -->
    </test> <!-- Default test -->
  </suite> <!-- Default suite -->
</testng-results>
